
========================================================================
TIMESTAMP:   2026-06-25 03:33:17
TO:          test_user@company.com
SUBJECT:     Test Log Fallback
SMTP STATUS: FAILED/NOT CONFIG (Fallback Logging Active) 
------------------------------------------------------------------------
<p>This is a test notification</p>
========================================================================

========================================================================
TIMESTAMP:   2026-06-25 11:09:49
TO:          alice@company.com
SUBJECT:     Security Alert: New Sign-in Detected
SMTP STATUS: FAILED/NOT CONFIG (Fallback Logging Active) 
------------------------------------------------------------------------

    <div style="font-family: Arial, sans-serif; padding: 20px; background-color: #f8fafc; border-radius: 12px; max-width: 600px; margin: 0 auto; border: 1px solid #e2e8f0;">
        <h3 style="color: #4f46e5; margin-bottom: 20px;">Hello, Alice Smith</h3>
        <p style="color: #334155; font-size: 15px;">A new sign-in was detected for your LeavePortal account.</p>
        <div style="background-color: #ffffff; padding: 15px; border-radius: 8px; margin: 20px 0; border: 1px solid #e2e8f0;">
            <p style="margin: 5px 0; color: #475569;"><strong>Account Email:</strong> alice@company.com</p>
            <p style="margin: 5px 0; color: #475569;"><strong>Sign-in Time:</strong> 2026-06-25 11:09:49 (Server Local Time)</p>
        </div>
        <p style="color: #64748b; font-size: 13px;">If this was you, no action is required. If you did not initiate this login, please change your password immediately in your account portal.</p>
    </div>
    
========================================================================

========================================================================
TIMESTAMP:   2026-06-25 11:12:32
TO:          charlie@company.com
SUBJECT:     Leave Request Update: Rejected
SMTP STATUS: FAILED/NOT CONFIG (Fallback Logging Active) 
------------------------------------------------------------------------

    <div style="font-family: Arial, sans-serif; padding: 20px; background-color: #f8fafc; border-radius: 12px; max-width: 600px; margin: 0 auto; border: 1px solid #e2e8f0;">
        <h3 style="color: #f43f5e; margin-bottom: 15px;">Leave Application Rejected</h3>
        <p style="color: #334155; font-size: 15px;">Hello Charlie Dev,</p>
        <p style="color: #334155; font-size: 15px;">Your manager, <strong>Alice Smith</strong>, has processed your leave request.</p>
        <div style="background-color: #ffffff; padding: 15px; border-radius: 8px; margin: 20px 0; border: 1px solid #e2e8f0;">
            <p style="margin: 5px 0; color: #475569;"><strong>Leave Type:</strong> Sick</p>
            <p style="margin: 5px 0; color: #475569;"><strong>Duration:</strong> 2026-06-29 to 2026-06-30</p>
            <p style="margin: 5px 0; color: #475569;"><strong>Status:</strong> <span style="color: #f43f5e; font-weight: bold;">Rejected</span></p>
            <p style="margin: 5px 0; color: #475569;"><strong>Manager Remarks:</strong> Proximity to deadline.</p>
        </div>
        <p style="color: #64748b; font-size: 13px;">If you have any questions, please contact your reporting manager.</p>
    </div>
    
========================================================================

========================================================================
TIMESTAMP:   2026-06-25 11:57:47
TO:          alice@company.com
SUBJECT:     Security Alert: New Sign-in Detected
SMTP STATUS: FAILED/NOT CONFIG (Fallback Logging Active) 
------------------------------------------------------------------------

    <div style="font-family: Arial, sans-serif; padding: 20px; background-color: #f8fafc; border-radius: 12px; max-width: 600px; margin: 0 auto; border: 1px solid #e2e8f0;">
        <h3 style="color: #4f46e5; margin-bottom: 20px;">Hello, Alice Smith</h3>
        <p style="color: #334155; font-size: 15px;">A new sign-in was detected for your LeavePortal account.</p>
        <div style="background-color: #ffffff; padding: 15px; border-radius: 8px; margin: 20px 0; border: 1px solid #e2e8f0;">
            <p style="margin: 5px 0; color: #475569;"><strong>Account Email:</strong> alice@company.com</p>
            <p style="margin: 5px 0; color: #475569;"><strong>Sign-in Time:</strong> 2026-06-25 11:57:47 (Server Local Time)</p>
        </div>
        <p style="color: #64748b; font-size: 13px;">If this was you, no action is required. If you did not initiate this login, please change your password immediately in your account portal.</p>
    </div>
    
========================================================================

========================================================================
TIMESTAMP:   2026-06-25 11:59:26
TO:          charlie@company.com
SUBJECT:     Security Alert: New Sign-in Detected
SMTP STATUS: FAILED/NOT CONFIG (Fallback Logging Active) 
------------------------------------------------------------------------

    <div style="font-family: Arial, sans-serif; padding: 20px; background-color: #f8fafc; border-radius: 12px; max-width: 600px; margin: 0 auto; border: 1px solid #e2e8f0;">
        <h3 style="color: #4f46e5; margin-bottom: 20px;">Hello, Charlie Dev</h3>
        <p style="color: #334155; font-size: 15px;">A new sign-in was detected for your LeavePortal account.</p>
        <div style="background-color: #ffffff; padding: 15px; border-radius: 8px; margin: 20px 0; border: 1px solid #e2e8f0;">
            <p style="margin: 5px 0; color: #475569;"><strong>Account Email:</strong> charlie@company.com</p>
            <p style="margin: 5px 0; color: #475569;"><strong>Sign-in Time:</strong> 2026-06-25 11:59:26 (Server Local Time)</p>
        </div>
        <p style="color: #64748b; font-size: 13px;">If this was you, no action is required. If you did not initiate this login, please change your password immediately in your account portal.</p>
    </div>
    
========================================================================

========================================================================
TIMESTAMP:   2026-06-25 11:59:52
TO:          alice@company.com
SUBJECT:     New Leave Application: Charlie Dev (Casual)
SMTP STATUS: FAILED/NOT CONFIG (Fallback Logging Active) 
------------------------------------------------------------------------

    <div style="font-family: Arial, sans-serif; padding: 20px; background-color: #f8fafc; border-radius: 12px; max-width: 600px; margin: 0 auto; border: 1px solid #e2e8f0;">
        <h3 style="color: #4f46e5; margin-bottom: 15px;">Leave Approval Request</h3>
        <p style="color: #334155; font-size: 15px;">Hello Alice Smith,</p>
        <p style="color: #334155; font-size: 15px;">An employee reporting to you, <strong>Charlie Dev</strong>, has requested leave. Please review the details below:</p>
        <div style="background-color: #ffffff; padding: 15px; border-radius: 8px; margin: 20px 0; border: 1px solid #e2e8f0;">
            <p style="margin: 5px 0; color: #475569;"><strong>Leave Type:</strong> Casual</p>
            <p style="margin: 5px 0; color: #475569;"><strong>Duration:</strong> 2026-06-26 to 2026-06-30</p>
            <p style="margin: 5px 0; color: #475569;"><strong>Reason:</strong> bla</p>
        </div>
        <p style="color: #334155; font-size: 14px;">Log in to the manager dashboard to view the team staffing risk, check deadline collisions, and approve/reject the request.</p>
    </div>
    
========================================================================

========================================================================
TIMESTAMP:   2026-06-25 12:00:15
TO:          alice@company.com
SUBJECT:     Security Alert: New Sign-in Detected
SMTP STATUS: FAILED/NOT CONFIG (Fallback Logging Active) 
------------------------------------------------------------------------

    <div style="font-family: Arial, sans-serif; padding: 20px; background-color: #f8fafc; border-radius: 12px; max-width: 600px; margin: 0 auto; border: 1px solid #e2e8f0;">
        <h3 style="color: #4f46e5; margin-bottom: 20px;">Hello, Alice Smith</h3>
        <p style="color: #334155; font-size: 15px;">A new sign-in was detected for your LeavePortal account.</p>
        <div style="background-color: #ffffff; padding: 15px; border-radius: 8px; margin: 20px 0; border: 1px solid #e2e8f0;">
            <p style="margin: 5px 0; color: #475569;"><strong>Account Email:</strong> alice@company.com</p>
            <p style="margin: 5px 0; color: #475569;"><strong>Sign-in Time:</strong> 2026-06-25 12:00:15 (Server Local Time)</p>
        </div>
        <p style="color: #64748b; font-size: 13px;">If this was you, no action is required. If you did not initiate this login, please change your password immediately in your account portal.</p>
    </div>
    
========================================================================
